[2025-09-03 23:03:56] INFO: Session created :1 by yisa
[2025-09-03 23:04:53] WARN: Player pauline failed to join session 2
[2025-09-03 23:05:13] WARN: Player pauline failed to join session 2
[2025-09-04 13:36:17] ERROR: Error adding player to session:
Invalid `prisma.player.create()` invocation:

{
  data: {
    username: "Rita",
    sessionId: 1,
    socketId: "0esAr_TDL6kqcTAzAAAB",
    ~~~~~~~~
?   id?: Int,
?   score?: Int
  }
}

Unknown argument `socketId`. Available options are marked with ?.
[2025-09-04 13:49:53] ERROR: Error adding player to session:player is not defined
[2025-09-04 13:58:46] WARN: Player Tracy failed to join session 2
[2025-09-04 13:59:10] ERROR: Error creating session;
Invalid `prisma.session.create()` invocation:


Unique constraint failed on the fields: (`sessionCode`)
[2025-09-04 14:20:38] INFO: Session created :BmLe2v by suo
[2025-09-04 14:21:05] WARN: Player suo failed to join session abc123
[2025-09-04 14:21:26] WARN: Player sissy failed to join session dec246
[2025-09-04 14:24:33] WARN: Player lisa failed to join session rst564
[2025-09-04 14:24:35] WARN: Player lisa failed to join session rst564
[2025-09-04 14:24:35] WARN: Player lisa failed to join session rst564
[2025-09-04 14:27:52] INFO: player Kay joined session BmLe2v
[2025-09-04 15:00:29] INFO: player Blessing joined session BmLe2v
[2025-09-04 15:02:47] INFO: player emem joined session BmLe2v
[2025-09-04 15:06:17] INFO: Session created :KOPT96 by Rita
[2025-09-04 15:15:41] INFO: Session created :ye_80h by Lala
[2025-09-04 15:30:58] ERROR: Error creating session;Maximum call stack size exceeded
[2025-09-04 15:39:57] ERROR: Error creating session;Maximum call stack size exceeded
[2025-09-04 15:40:05] WARN: Player lorine failed to join session 1234
[2025-09-04 20:34:02] INFO: Session created :567 by Will
[2025-09-04 20:34:28] INFO: player ruth joined session 567
[2025-09-04 20:34:56] INFO: player uill joined session 567
[2025-09-04 20:35:27] WARN: Game in session 567 ended
[2025-09-04 20:42:28] INFO: Session created :237 by suo
[2025-09-04 20:42:38] INFO: player mario joined session 237
[2025-09-04 20:47:41] INFO: Session created :0000 by twewase
[2025-09-04 20:47:53] INFO: player tilly joined session 0000
[2025-09-04 20:50:21] INFO: Session created :6789 by Milly
[2025-09-04 20:50:36] INFO: player joe joined session 6789
[2025-09-04 20:50:45] INFO: player rita joined session 6789
[2025-09-04 20:51:14] WARN: Game in session 6789 ended
[2025-09-12 15:48:53] INFO: Session created :2222 by Emamuzo
[2025-09-12 15:49:35] INFO: player Elisha joined session 2222
[2025-09-12 15:50:26] INFO: player Eli joined session 2222
[2025-09-12 15:55:16] WARN: Player Queen failed to join session 2222
[2025-09-12 15:57:43] WARN: Game in session 2222 ended
[2025-09-12 16:16:28] INFO: Session created :2222 by Emamuzo
[2025-09-12 16:16:50] INFO: player suo joined session 2222
[2025-09-12 16:17:01] INFO: player kome joined session 2222
[2025-09-12 16:18:11] INFO: player kome won in session 2222
[2025-09-12 16:18:36] INFO: player suo joined session 2222
